SF:lib\api\mock_api.dart
DA:10,0
DA:12,0
DA:15,0
DA:17,0
LF:4
LH:0
end_of_record
SF:lib\main.dart
DA:12,0
DA:14,1
DA:15,1
DA:20,1
DA:23,0
DA:24,0
DA:26,0
DA:28,0
DA:30,0
DA:31,0
DA:37,1
DA:39,0
DA:52,2
DA:54,1
DA:56,1
DA:58,1
DA:59,1
DA:64,1
DA:69,1
DA:71,2
DA:73,1
LF:21
LH:13
end_of_record
SF:lib\types\global_data.dart
DA:12,1
DA:13,3
DA:15,1
DA:21,1
DA:22,2
DA:23,3
DA:24,2
DA:25,1
DA:29,2
DA:32,3
DA:33,0
DA:35,0
DA:36,0
DA:38,0
DA:39,0
DA:40,0
DA:41,0
DA:42,0
DA:43,0
DA:44,0
DA:46,0
DA:47,0
DA:51,0
DA:52,0
DA:54,0
DA:55,0
DA:56,0
DA:57,0
DA:59,0
DA:60,0
DA:61,0
DA:62,0
DA:67,0
DA:68,0
DA:72,2
DA:73,1
DA:75,0
DA:76,0
DA:85,2
DA:87,2
DA:89,3
DA:91,0
DA:100,0
DA:101,0
DA:102,0
DA:103,0
DA:104,0
DA:105,0
DA:106,0
DA:107,0
DA:108,0
DA:111,0
DA:113,0
DA:115,0
DA:118,1
DA:119,2
DA:120,4
DA:121,1
DA:124,1
DA:125,2
DA:126,0
DA:129,3
DA:130,3
DA:131,1
DA:132,5
DA:134,3
DA:135,2
DA:136,2
DA:139,1
DA:140,2
DA:141,0
DA:144,2
DA:145,2
DA:146,2
DA:147,4
LF:75
LH:34
end_of_record
SF:lib\types\booking.dart
DA:8,1
DA:28,0
DA:29,0
DA:30,0
DA:31,0
DA:32,0
DA:33,0
DA:34,0
DA:35,0
DA:36,0
DA:39,0
DA:40,0
DA:42,3
DA:43,0
DA:44,0
DA:45,0
DA:47,0
DA:51,0
DA:52,0
DA:53,0
DA:54,0
DA:56,0
DA:58,0
DA:59,0
LF:24
LH:2
end_of_record
SF:lib\api\sheets_api.dart
DA:12,0
DA:14,0
DA:15,0
DA:17,0
DA:18,0
DA:20,0
DA:21,0
DA:22,0
DA:24,0
DA:26,0
DA:28,0
DA:29,0
DA:30,0
DA:31,0
DA:32,0
DA:33,0
DA:34,0
DA:35,0
DA:37,0
DA:38,0
DA:39,0
DA:40,0
DA:41,0
DA:42,0
DA:43,0
DA:44,0
DA:45,0
DA:46,0
DA:47,0
DA:49,0
DA:51,0
DA:55,0
DA:56,0
DA:58,0
DA:59,0
DA:61,0
DA:62,0
DA:63,0
DA:65,0
DA:66,0
DA:67,0
DA:69,0
DA:70,0
DA:71,0
DA:72,0
DA:73,0
DA:74,0
DA:75,0
DA:76,0
DA:77,0
DA:78,0
DA:79,0
DA:80,0
DA:81,0
DA:83,0
DA:84,0
DA:85,0
DA:87,0
DA:88,0
DA:89,0
DA:91,0
LF:61
LH:0
end_of_record
SF:lib\types\config.dart
DA:7,0
DA:8,0
DA:10,1
DA:12,2
DA:20,1
DA:21,1
DA:23,2
DA:25,1
DA:27,1
DA:31,0
DA:32,0
DA:35,0
DA:36,0
DA:39,0
DA:40,0
LF:15
LH:7
end_of_record
SF:lib\types\price_type.dart
DA:14,1
DA:15,1
DA:17,1
DA:18,1
DA:23,0
DA:24,0
LF:6
LH:4
end_of_record
SF:lib\types\seat.dart
DA:5,1
DA:10,1
DA:12,5
DA:15,0
DA:16,0
DA:18,0
DA:19,0
DA:20,0
DA:23,1
DA:25,7
DA:28,1
DA:29,3
LF:12
LH:7
end_of_record
SF:lib\widgets\bookings_view.dart
DA:16,1
DA:18,1
DA:19,1
DA:21,3
DA:22,2
DA:23,1
DA:24,2
DA:31,1
DA:33,1
DA:34,1
DA:35,4
DA:38,1
DA:39,1
DA:40,2
DA:42,2
DA:43,2
DA:45,2
DA:48,3
DA:51,1
DA:52,1
DA:53,1
DA:54,1
DA:55,1
DA:58,2
DA:59,0
DA:61,0
DA:66,1
DA:67,1
DA:70,1
DA:71,1
DA:72,1
DA:75,1
DA:76,1
DA:77,1
DA:79,2
DA:86,1
DA:87,2
DA:88,1
DA:90,1
DA:91,3
DA:92,5
DA:93,3
DA:96,1
LF:43
LH:41
end_of_record
SF:lib\widgets\overview.dart
DA:14,1
DA:20,0
DA:21,0
DA:22,0
DA:23,0
DA:24,0
DA:25,0
DA:27,0
DA:32,0
DA:33,0
DA:34,0
DA:35,0
DA:36,0
DA:41,0
DA:43,0
DA:44,0
DA:45,0
DA:47,0
DA:48,0
DA:49,0
DA:50,0
DA:51,0
DA:52,0
DA:54,0
DA:57,0
DA:58,0
DA:59,0
DA:60,0
DA:61,0
DA:62,0
DA:64,0
DA:65,0
DA:67,0
DA:69,0
DA:72,0
DA:74,0
DA:84,0
DA:85,0
DA:94,0
DA:95,0
DA:96,0
DA:97,0
DA:98,0
DA:99,0
DA:100,0
DA:101,0
DA:102,0
DA:103,0
DA:105,0
DA:106,0
DA:107,0
DA:108,0
DA:109,0
DA:110,0
DA:111,0
DA:116,0
DA:120,0
LF:57
LH:1
end_of_record
SF:lib\utils.dart
DA:7,0
DA:8,0
DA:11,0
DA:12,0
DA:14,1
DA:15,1
DA:17,1
DA:18,1
DA:19,3
LF:9
LH:5
end_of_record
SF:lib\types\grid_definition.dart
DA:2,0
DA:8,3
DA:9,3
DA:10,1
DA:11,3
DA:12,1
LF:6
LH:5
end_of_record
SF:lib\widgets\custom_menu_button.dart
DA:4,1
DA:19,1
DA:21,1
DA:22,1
DA:25,1
DA:26,1
DA:27,1
DA:29,3
DA:32,2
LF:9
LH:9
end_of_record
SF:lib\widgets\edit_booking.dart
DA:11,1
DA:13,1
DA:15,1
DA:16,1
DA:17,1
DA:18,2
DA:19,1
DA:21,3
DA:22,2
DA:24,1
DA:25,1
DA:26,1
DA:28,0
DA:29,0
DA:30,0
DA:33,0
DA:36,1
DA:37,2
DA:38,3
DA:39,3
DA:40,3
DA:41,3
DA:42,2
DA:45,2
DA:46,1
DA:47,1
DA:48,1
DA:51,2
DA:52,3
DA:55,1
DA:56,1
DA:57,1
DA:59,1
DA:60,1
DA:61,1
DA:62,1
DA:63,1
DA:64,1
DA:66,1
DA:68,1
DA:71,0
DA:72,0
DA:76,1
DA:78,1
DA:80,1
DA:84,0
DA:85,0
DA:89,1
DA:90,1
DA:92,1
DA:95,0
DA:96,0
DA:102,1
DA:103,1
DA:104,1
DA:106,1
DA:107,1
DA:108,2
DA:116,2
DA:120,1
DA:121,1
DA:123,1
DA:124,1
DA:125,1
DA:126,1
DA:127,1
DA:129,2
DA:132,1
DA:133,1
DA:134,2
DA:135,1
DA:136,1
DA:153,2
DA:156,1
DA:157,1
DA:158,1
DA:159,1
DA:165,1
DA:166,1
DA:167,1
DA:169,1
DA:170,1
DA:172,1
LF:83
LH:73
end_of_record
SF:lib\widgets\seat_cell.dart
DA:12,1
DA:23,1
DA:25,3
DA:26,2
DA:27,2
DA:28,1
DA:29,1
DA:30,2
DA:31,2
DA:33,0
DA:34,0
DA:35,0
DA:37,0
DA:38,0
DA:39,0
DA:40,0
DA:43,0
DA:44,0
DA:45,0
DA:46,0
DA:49,1
DA:50,1
DA:52,3
DA:54,3
DA:56,3
DA:61,2
DA:62,1
DA:64,1
DA:65,1
DA:69,1
DA:70,2
DA:71,1
DA:73,1
DA:74,1
DA:81,1
DA:82,2
DA:83,1
DA:85,1
DA:86,1
DA:87,1
DA:88,4
DA:91,1
DA:93,1
DA:94,1
DA:95,1
DA:97,1
DA:98,1
DA:100,1
DA:102,1
DA:103,1
DA:112,1
DA:113,2
DA:114,2
DA:115,1
DA:116,3
DA:118,2
DA:119,0
DA:120,0
DA:124,1
DA:125,1
DA:129,0
DA:130,0
DA:131,0
DA:133,0
DA:135,0
DA:136,0
DA:138,0
LF:67
LH:47
end_of_record
SF:lib\widgets\price_paid.dart
DA:10,1
DA:14,0
DA:15,0
DA:16,0
DA:17,0
DA:18,0
DA:20,1
DA:22,2
DA:23,2
DA:24,2
DA:26,3
DA:28,2
DA:29,0
DA:30,0
DA:31,0
DA:34,1
DA:35,1
DA:36,0
DA:37,0
DA:39,0
DA:40,0
DA:44,0
DA:45,0
DA:46,0
DA:47,0
DA:48,0
DA:51,1
DA:52,2
DA:53,1
DA:54,1
DA:55,2
DA:56,1
DA:57,1
DA:61,0
DA:62,0
DA:63,0
DA:64,0
DA:67,0
DA:70,0
DA:71,0
DA:72,0
DA:75,1
DA:76,1
DA:78,1
DA:80,1
DA:81,1
DA:88,1
DA:89,1
DA:90,1
DA:92,1
DA:96,1
DA:97,2
DA:105,1
LF:53
LH:28
end_of_record
